<?xml version="1.0" encoding="UTF-8"?>
<!-- Generated by org.testng.reporters.JUnitReportReporter -->
<testsuite hostname="HSOMPALLI-L-579" name="testcases.Amenities" tests="1" failures="0" timestamp="29 Nov 2016 11:27:07 GMT" time="2.801" errors="0">
  <testcase name="verifyActivitiesAndAmenities" time="2.801" classname="testcases.Amenities"/>
</testsuite> <!-- testcases.Amenities -->
