<?xml version="1.0" encoding="UTF-8"?>
<!-- Generated by org.testng.reporters.JUnitReportReporter -->
<testsuite hostname="HSOMPALLI-L-579" name="SliderDemo" tests="1" failures="0" timestamp="24 Jun 2015 10:40:29 GMT" time="17.975" errors="0">
  <testcase name="testSlider" time="17.975" classname="SliderDemo"/>
</testsuite> <!-- SliderDemo -->
