<?xml version="1.0" encoding="UTF-8"?>
<!-- Generated by org.testng.reporters.JUnitReportReporter -->
<testsuite hostname="HSOMPALLI-L-579" name="Suit.Details" tests="1" failures="0" timestamp="23 Sep 2016 10:10:48 GMT" time="222.053" errors="0">
  <testcase name="addInentoryDetails" time="222.053" classname="Suit.Details"/>
</testsuite> <!-- Suit.Details -->
