<?xml version="1.0" encoding="UTF-8"?>
<!-- Generated by org.testng.reporters.JUnitReportReporter -->
<testsuite hostname="KSAKINAL-L-505" name="testcases.UserRegistrationForm" tests="2" failures="0" timestamp="23 Mar 2017 10:13:24 GMT" time="10.250" errors="0">
  <testcase name="verifyPhotoUpload" time="0.218" classname="testcases.UserRegistrationForm"/>
  <testcase name="verifyUserRegistrationForm" time="10.032" classname="testcases.UserRegistrationForm"/>
</testsuite> <!-- testcases.UserRegistrationForm -->
