<?xml version="1.0" encoding="UTF-8"?>
<!-- Generated by org.testng.reporters.JUnitReportReporter -->
<testsuite hostname="HSOMPALLI-L-579" name="Suit.TitleAssert" tests="1" failures="0" timestamp="24 Jun 2015 14:30:29 GMT" time="9.499" errors="0">
  <testcase name="titleAssert" time="9.499" classname="Suit.TitleAssert"/>
</testsuite> <!-- Suit.TitleAssert -->
