<?xml version="1.0" encoding="UTF-8"?>
<!-- Generated by org.testng.reporters.JUnitReportReporter -->
<testsuite hostname="HSOMPALLI-L-579" name="Suit.LoginToApp" tests="1" failures="0" timestamp="12 Aug 2016 14:47:59 GMT" time="22.971" errors="0">
  <testcase name="verifyLogin" time="22.971" classname="Suit.LoginToApp"/>
</testsuite> <!-- Suit.LoginToApp -->
