<?xml version="1.0" encoding="UTF-8"?>
<!-- Generated by org.testng.reporters.JUnitReportReporter -->
<testsuite hostname="KSAKINAL-L-505" name="testcases.UserRegistrationForm" tests="2" failures="0" timestamp="23 Mar 2017 10:34:08 GMT" time="9.943" errors="0">
  <testcase name="verifyPhotoUpload" time="0.264" classname="testcases.UserRegistrationForm"/>
  <testcase name="verifyUserRegistrationForm" time="9.679" classname="testcases.UserRegistrationForm"/>
</testsuite> <!-- testcases.UserRegistrationForm -->
