<?xml version="1.0" encoding="UTF-8"?>
<!-- Generated by org.testng.reporters.JUnitReportReporter -->
<testsuite hostname="HSOMPALLI-L-579" name="Suit.Gmail" tests="1" failures="0" timestamp="11 Aug 2016 12:20:24 GMT" time="0.658" errors="0">
  <testcase name="signtogamil" time="0.658" classname="Suit.Gmail"/>
</testsuite> <!-- Suit.Gmail -->
