<?xml version="1.0" encoding="UTF-8"?>
<!-- Generated by org.testng.reporters.JUnitReportReporter -->
<testsuite hostname="HSOMPALLI-L-579" name="Suit.AddInventory" tests="1" failures="0" timestamp="8 Sep 2016 11:01:19 GMT" time="33.838" errors="0">
  <testcase name="verifyAddInventory" time="33.838" classname="Suit.AddInventory"/>
</testsuite> <!-- Suit.AddInventory -->
