<?xml version="1.0" encoding="UTF-8"?>
<!-- Generated by org.testng.reporters.JUnitReportReporter -->
<testsuite hostname="HSOMPALLI-L-579" name="Suit.SearchForCommunity" tests="1" failures="0" timestamp="11 Nov 2016 10:50:47 GMT" time="2.005" errors="0">
  <testcase name="search" time="2.005" classname="Suit.SearchForCommunity"/>
</testsuite> <!-- Suit.SearchForCommunity -->
