<?xml version="1.0" encoding="UTF-8"?>
<!-- Generated by org.testng.reporters.JUnitReportReporter -->
<testsuite hostname="HSOMPALL-L-579" name="testcases.EditRegisteredUserEmail" tests="1" failures="1" timestamp="22 Mar 2017 08:24:00 GMT" time="0.001" errors="0">
  <testcase name="verifyEditRegisteredUserEmail" time="0.001" classname="testcases.EditRegisteredUserEmail">
    <failure type="org.openqa.selenium.SessionNotCreatedException" message="Unable to create new remote session. desired capabilities = Capabilities [{moz:firefoxOptions={binary=Optional.empty, args=[], legacy=null, logLevel=null, prefs={}, profile=null}}], required capabilities = Capabilities [{}]
Build info: version: &#039;3.3.0&#039;, revision: &#039;b526bd5&#039;, time: &#039;2017-03-07 11:21:31 -0800&#039;
System info: host: &#039;HSOMPALL-L-579&#039;, ip: &#039;192.168.4.213&#039;, os.name: &#039;Windows 7&#039;, os.arch: &#039;amd64&#039;, os.version: &#039;6.1&#039;, java.version: &#039;1.8.0_92&#039;
Driver info: driver.version: FirefoxDriver">
      <![CDATA[org.openqa.selenium.SessionNotCreatedException: Unable to create new remote session. desired capabilities = Capabilities [{moz:firefoxOptions={binary=Optional.empty, args=[], legacy=null, logLevel=null, prefs={}, profile=null}}], required capabilities = Capabilities [{}]
Build info: version: '3.3.0', revision: 'b526bd5', time: '2017-03-07 11:21:31 -0800'
System info: host: 'HSOMPALL-L-579', ip: '192.168.4.213', os.name: 'Windows 7', os.arch: 'amd64', os.version: '6.1', java.version: '1.8.0_92'
Driver info: driver.version: FirefoxDriver
	at org.openqa.selenium.remote.ProtocolHandshake.createSession(ProtocolHandshake.java:126)
	at org.openqa.selenium.remote.HttpCommandExecutor.execute(HttpCommandExecutor.java:141)
	at org.openqa.selenium.remote.service.DriverCommandExecutor.execute(DriverCommandExecutor.java:82)
	at org.openqa.selenium.remote.RemoteWebDriver.execute(RemoteWebDriver.java:604)
	at org.openqa.selenium.remote.RemoteWebDriver.startSession(RemoteWebDriver.java:244)
	at org.openqa.selenium.remote.RemoteWebDriver.<init>(RemoteWebDriver.java:131)
	at org.openqa.selenium.firefox.FirefoxDriver.<init>(FirefoxDriver.java:243)
	at org.openqa.selenium.firefox.FirefoxDriver.<init>(FirefoxDriver.java:121)
	at org.openqa.selenium.firefox.FirefoxDriver.<init>(FirefoxDriver.java:139)
	at base.BaseTest.setUp(BaseTest.java:49)
	at sun.reflect.NativeMethodAccessorImpl.invoke0(Native Method)
	at sun.reflect.NativeMethodAccessorImpl.invoke(Unknown Source)
	at sun.reflect.DelegatingMethodAccessorImpl.invoke(Unknown Source)
	at java.lang.reflect.Method.invoke(Unknown Source)
	at org.testng.internal.MethodInvocationHelper.invokeMethod(MethodInvocationHelper.java:84)
	at org.testng.internal.Invoker.invokeConfigurationMethod(Invoker.java:564)
	at org.testng.internal.Invoker.invokeConfigurations(Invoker.java:213)
	at org.testng.internal.Invoker.invokeConfigurations(Invoker.java:138)
	at org.testng.SuiteRunner.privateRun(SuiteRunner.java:277)
	at org.testng.SuiteRunner.run(SuiteRunner.java:240)
	at org.testng.SuiteRunnerWorker.runSuite(SuiteRunnerWorker.java:52)
	at org.testng.SuiteRunnerWorker.run(SuiteRunnerWorker.java:86)
	at org.testng.TestNG.runSuitesSequentially(TestNG.java:1224)
	at org.testng.TestNG.runSuitesLocally(TestNG.java:1149)
	at org.testng.TestNG.run(TestNG.java:1057)
	at org.testng.remote.RemoteTestNG.run(RemoteTestNG.java:111)
	at org.testng.remote.RemoteTestNG.initAndRun(RemoteTestNG.java:204)
	at org.testng.remote.RemoteTestNG.main(RemoteTestNG.java:175)
]]>
    </failure>
  </testcase> <!-- verifyEditRegisteredUserEmail -->
</testsuite> <!-- testcases.EditRegisteredUserEmail -->
