<?xml version="1.0" encoding="UTF-8"?>
<!-- Generated by org.testng.reporters.JUnitReportReporter -->
<testsuite hostname="KSAKINAL-L-505" name="testcases.UserRegistrationForm" tests="2" failures="0" timestamp="22 Mar 2017 12:24:04 GMT" time="10.689" errors="0">
  <testcase name="verifyPhotoUpload" time="0.165" classname="testcases.UserRegistrationForm"/>
  <testcase name="verifyUserRegistrationForm" time="10.524" classname="testcases.UserRegistrationForm"/>
</testsuite> <!-- testcases.UserRegistrationForm -->
